<?xml version="1.0" encoding="UTF-8" standalone="no"?>
<testsuite errors="0" failures="0" name="io.cucumber.core.plugin.JUnitFormatter" skipped="0" tests="2" time="14.076">
<testcase classname="check Need Help Functionality" name="Check Certificates And eCredits title" time="7.013">
<system-out><![CDATA[Given user is on the Delta Home Page........................................passed
When user mouse hover on need help feature..................................passed
And user clicks on Certificates And eCredits link...........................passed
Then user should see View or Redeem Multiple Certificates or Ecredits or Gift Cards : Delta Air  Lines "View or Redeem Multiple Certificates or Ecredits or Gift Cards : Delta Air Lines" window displayed.passed
]]></system-out>
</testcase>
<testcase classname="check Need Help Functionality" name="Check Child And Enfant Travel title" time="6.815">
<system-out><![CDATA[Given user is on the Delta Home Page........................................passed
When user mouse hover on need help feature..................................passed
And user clicks on Child And Enfant Travel  link............................passed
Then user should see Children & Infant Travel Policy : Delta Air Lines "Children & Infant Travel Policy : Delta Air Lines" window displayed.passed
]]></system-out>
</testcase>
</testsuite>
